<?xml version="1.0" encoding="UTF-8"?>
<!-- Generated by org.testng.reporters.JUnitXMLReporter -->
<testsuite ignored="0" hostname="KN" failures="2" tests="6" name="Test" time="0.056" errors="0" timestamp="2022-07-04T23:09:33 IST">
  <testcase classname="ListnersForKitte.Mytest1" name="MyMethod2" time="0.01">
    <failure type="java.lang.AssertionError" message="null">
      <![CDATA[java.lang.AssertionError: null
at ListnersForKitte.Mytest1.MyMethod2(Mytest1.java:17)
at java.base/java.util.ArrayList.forEach(ArrayList.java:1511)
... Removed 27 stack frames]]>
    </failure>
  </testcase> <!-- MyMethod2 -->
  <testcase classname="ListnersForKitte.Mytest1" name="MyMethod1" time="0.001"/>
  <testcase classname="ListnersForKitte.Mytest1" name="MyMethod3" time="0.0">
    <skipped/>
  </testcase> <!-- MyMethod3 -->
  <testcase classname="ListnersForKitte.Mytest2" name="MyMethod4" time="0.001"/>
  <testcase classname="ListnersForKitte.Mytest2" name="MyMethod5" time="0.001">
    <failure type="java.lang.AssertionError" message="null">
      <![CDATA[java.lang.AssertionError: null
at ListnersForKitte.Mytest2.MyMethod5(Mytest2.java:18)
at java.base/java.util.ArrayList.forEach(ArrayList.java:1511)
... Removed 27 stack frames]]>
    </failure>
  </testcase> <!-- MyMethod5 -->
  <testcase classname="ListnersForKitte.Mytest2" name="MyMethod6" time="0.0">
    <skipped/>
  </testcase> <!-- MyMethod6 -->
</testsuite> <!-- Test -->
