<?xml version="1.0" encoding="UTF-8"?>
<!-- Generated by org.testng.reporters.JUnitXMLReporter -->
<testsuite ignored="0" hostname="KN" failures="0" tests="4" name="Test2" time="0.065" errors="0" timestamp="2022-06-28T15:47:30 IST">
  <testcase classname="testngGroupping.NewTest2" name="a" time="0.013"/>
  <testcase classname="testngGroupping.NewTest2" name="b" time="0.002"/>
  <testcase classname="testngGroupping.NewTest2" name="c" time="0.002"/>
  <testcase classname="testngGroupping.NewTest2" name="d" time="0.002"/>
</testsuite> <!-- Test2 -->
